<?xml version="1.0" encoding="UTF-8"?>
<!-- Generated by org.testng.reporters.JUnitReportReporter -->
<testsuite hostname="Matthew" failures="0" tests="7" name="api.BibleAPITest" time="2.628" errors="0" timestamp="2023-07-21T15:39:49 EDT" skipped="0">
  <testcase classname="api.BibleAPITest" name="getBookIDsCheck" time="1.305"/>
  <system-out/>
  <testcase classname="api.BibleAPITest" name="getChaptersNumber" time="0.225"/>
  <system-out/>
  <testcase classname="api.BibleAPITest" name="getChaptersAmount" time="0.286"/>
  <system-out/>
  <testcase classname="api.BibleAPITest" name="getBookLongNamesCheck" time="0.297"/>
  <system-out/>
  <testcase classname="api.BibleAPITest" name="getBookNamesCheck" time="0.237"/>
  <system-out/>
  <testcase classname="api.BibleAPITest" name="sixtySixGetBookLongNames" time="0.154"/>
  <system-out/>
  <testcase classname="api.BibleAPITest" name="sixtySixGetBookNames" time="0.124"/>
  <system-out/>
</testsuite> <!-- api.BibleAPITest -->
