<?xml version="1.0" encoding="UTF-8"?>
<!-- Generated by org.testng.reporters.JUnitReportReporter -->
<testsuite hostname="Matthew" failures="0" tests="7" name="api.BibleAPITest" time="1.754" errors="0" timestamp="2023-07-27T11:25:35 EDT" skipped="0">
  <testcase classname="api.BibleAPITest" name="getBookNamesCheck" time="0.229"/>
  <system-out/>
  <testcase classname="api.BibleAPITest" name="sixtySixGetBookLongNames" time="0.055"/>
  <system-out/>
  <testcase classname="api.BibleAPITest" name="getBookLongNamesCheck" time="0.207"/>
  <system-out/>
  <testcase classname="api.BibleAPITest" name="getBookIDsCheck" time="0.833"/>
  <system-out/>
  <testcase classname="api.BibleAPITest" name="getChaptersAmount" time="0.178"/>
  <system-out/>
  <testcase classname="api.BibleAPITest" name="sixtySixGetBookNames" time="0.060"/>
  <system-out/>
  <testcase classname="api.BibleAPITest" name="getChaptersNumber" time="0.192"/>
  <system-out/>
</testsuite> <!-- api.BibleAPITest -->
