<?xml version="1.0" encoding="UTF-8"?>
<!-- Generated by org.testng.reporters.JUnitReportReporter -->
<testsuite hostname="Matthew" failures="0" tests="8" name="bible.presentation.BibleAPITest" time="2.993" errors="0" timestamp="2023-07-21T12:32:37 EDT" skipped="0">
  <testcase classname="bible.presentation.BibleAPITest" name="getBookNamesCheck" time="0.198"/>
  <system-out/>
  <testcase classname="bible.presentation.BibleAPITest" name="sixtySixGetBookIds" time="0.155"/>
  <system-out/>
  <testcase classname="bible.presentation.BibleAPITest" name="getBookLongNamesCheck" time="0.434"/>
  <system-out/>
  <testcase classname="bible.presentation.BibleAPITest" name="getBookIDsCheck" time="1.146"/>
  <system-out/>
  <testcase classname="bible.presentation.BibleAPITest" name="getChaptersAmount" time="0.304"/>
  <system-out/>
  <testcase classname="bible.presentation.BibleAPITest" name="sixtySixGetBookLongNames" time="0.098"/>
  <system-out/>
  <testcase classname="bible.presentation.BibleAPITest" name="sixtySixGetBookNames" time="0.220"/>
  <system-out/>
  <testcase classname="bible.presentation.BibleAPITest" name="getChaptersNumber" time="0.438"/>
  <system-out/>
</testsuite> <!-- bible.presentation.BibleAPITest -->
