<?xml version="1.0" encoding="UTF-8"?>
<!-- Generated by org.testng.reporters.JUnitReportReporter -->
<testsuite hostname="Matthew" failures="0" tests="2" name="bible.presentation.BibleAPITest" time="1.557" errors="0" timestamp="2023-07-21T09:17:00 EDT" skipped="0">
  <testcase classname="bible.presentation.BibleAPITest" name="bookCheck" time="1.399"/>
  <system-out/>
  <testcase classname="bible.presentation.BibleAPITest" name="sixtySixBooks" time="0.158"/>
  <system-out/>
</testsuite> <!-- bible.presentation.BibleAPITest -->
