<?xml version="1.0" encoding="UTF-8"?>
<!-- Generated by org.testng.reporters.JUnitReportReporter -->
<testsuite hostname="Matthew" failures="0" tests="9" name="bible.presentation.BibleAPITest" time="3.100" errors="0" timestamp="2023-07-21T13:50:05 EDT" skipped="0">
  <testcase classname="bible.presentation.BibleAPITest" name="getBookNamesCheck" time="0.236"/>
  <system-out/>
  <testcase classname="bible.presentation.BibleAPITest" name="getVerseCount" time="0.254"/>
  <system-out/>
  <testcase classname="bible.presentation.BibleAPITest" name="getBookLongNamesCheck" time="0.313"/>
  <system-out/>
  <testcase classname="bible.presentation.BibleAPITest" name="getBookIDsCheck" time="1.410"/>
  <system-out/>
  <testcase classname="bible.presentation.BibleAPITest" name="getChaptersAmount" time="0.207"/>
  <system-out/>
  <testcase classname="bible.presentation.BibleAPITest" name="sixtySixGetBookIds" time="0.100"/>
  <system-out/>
  <testcase classname="bible.presentation.BibleAPITest" name="sixtySixGetBookLongNames" time="0.177"/>
  <system-out/>
  <testcase classname="bible.presentation.BibleAPITest" name="sixtySixGetBookNames" time="0.181"/>
  <system-out/>
  <testcase classname="bible.presentation.BibleAPITest" name="getChaptersNumber" time="0.222"/>
  <system-out/>
</testsuite> <!-- bible.presentation.BibleAPITest -->
