<?xml version="1.0" encoding="UTF-8"?>
<!-- Generated by org.testng.reporters.JUnitReportReporter -->
<testsuite hostname="Matthew" failures="0" tests="7" name="api.BibleAPITest" time="1.676" errors="0" timestamp="2023-07-23T23:30:25 EDT" skipped="0">
  <testcase classname="api.BibleAPITest" name="getBookLongNamesCheck" time="0.216"/>
  <system-out/>
  <testcase classname="api.BibleAPITest" name="getBookNamesCheck" time="0.099"/>
  <system-out/>
  <testcase classname="api.BibleAPITest" name="getChaptersAmount" time="0.187"/>
  <system-out/>
  <testcase classname="api.BibleAPITest" name="sixtySixGetBookNames" time="0.062"/>
  <system-out/>
  <testcase classname="api.BibleAPITest" name="getChaptersNumber" time="0.174"/>
  <system-out/>
  <testcase classname="api.BibleAPITest" name="sixtySixGetBookLongNames" time="0.090"/>
  <system-out/>
  <testcase classname="api.BibleAPITest" name="getBookIDsCheck" time="0.848"/>
  <system-out/>
</testsuite> <!-- api.BibleAPITest -->
